[0313/233103.811:ERROR:tcp_socket_win.cc(346)] bind() returned an error: Only one usage of each socket address (protocol/network address/port) is normally permitted. (0x2740)
[0313/233103.859:ERROR:cache_util_win.cc(20)] Unable to move the cache: Access is denied. (0x5)
[0313/233103.861:ERROR:cache_util_win.cc(20)] Unable to move the cache: Access is denied. (0x5)
[0313/233103.868:ERROR:disk_cache.cc(205)] Unable to create cache
[0313/233103.868:ERROR:gpu_disk_cache.cc(673)] Gpu Cache Creation failed: -2
[0313/233103.869:ERROR:disk_cache.cc(205)] Unable to create cache
[0313/233103.869:ERROR:gpu_disk_cache.cc(673)] Gpu Cache Creation failed: -2
[0313/233104.122:INFO:CONSOLE(0)] "Uncaught (in promise) UnknownError: Unexpected internal error.", source: https://web.whatsapp.com/sw.js (0)
[0313/233104.387:INFO:CONSOLE(158)] "Event handler of 'x-storagemutated-1' event must be added on the initial evaluation of worker script.", source: https://static.whatsapp.net/rsrc.php/v4/y0/r/TxR17lTHtC4.js (158)
[0313/233104.711:INFO:CONSOLE(0)] "Error with Permissions-Policy header: Feature xr-spatial-tracking's parameters are ignored.", source:  (0)
[0313/233104.712:INFO:CONSOLE(0)] "Error with Permissions-Policy header: Origin trial controlled feature not enabled: 'attribution-reporting'.", source:  (0)
[0313/233104.712:INFO:CONSOLE(0)] "Error with Permissions-Policy header: Unrecognized feature: 'compute-pressure'.", source:  (0)
[0313/233104.712:INFO:CONSOLE(0)] "Error with Permissions-Policy header: Origin trial controlled feature not enabled: 'interest-cohort'.", source:  (0)
[0313/233104.713:INFO:CONSOLE(0)] "Error with Permissions-Policy header: Unrecognized feature: 'private-state-token-issuance'.", source:  (0)
[0313/233104.713:INFO:CONSOLE(0)] "Error with Permissions-Policy header: Origin trial controlled feature not enabled: 'shared-storage'.", source:  (0)
[0313/233104.713:INFO:CONSOLE(0)] "Error with Permissions-Policy header: Unrecognized feature: 'shared-storage-select-url'.", source:  (0)
[0313/233104.713:INFO:CONSOLE(0)] "Error with Permissions-Policy header: Unrecognized feature: 'private-state-token-redemption'.", source:  (0)
[0313/233104.713:INFO:CONSOLE(0)] "Error with Permissions-Policy header: Unrecognized feature: 'unload'.", source:  (0)
[0313/233104.713:INFO:CONSOLE(0)] "Error with Permissions-Policy header: Unrecognized feature: 'window-management'.", source:  (0)
[0313/233105.880:ERROR:cache_util_win.cc(20)] Unable to move the cache: Access is denied. (0x5)
[0313/233105.880:ERROR:disk_cache.cc(205)] Unable to create cache
[0313/233106.376:INFO:CONSOLE(0)] "Error with Permissions-Policy header: Feature xr-spatial-tracking's parameters are ignored.", source:  (0)
[0313/233106.376:INFO:CONSOLE(0)] "Error with Permissions-Policy header: Origin trial controlled feature not enabled: 'attribution-reporting'.", source:  (0)
[0313/233106.376:INFO:CONSOLE(0)] "Error with Permissions-Policy header: Unrecognized feature: 'compute-pressure'.", source:  (0)
[0313/233106.376:INFO:CONSOLE(0)] "Error with Permissions-Policy header: Origin trial controlled feature not enabled: 'interest-cohort'.", source:  (0)
[0313/233106.376:INFO:CONSOLE(0)] "Error with Permissions-Policy header: Unrecognized feature: 'private-state-token-issuance'.", source:  (0)
[0313/233106.377:INFO:CONSOLE(0)] "Error with Permissions-Policy header: Origin trial controlled feature not enabled: 'shared-storage'.", source:  (0)
[0313/233106.377:INFO:CONSOLE(0)] "Error with Permissions-Policy header: Unrecognized feature: 'shared-storage-select-url'.", source:  (0)
[0313/233106.377:INFO:CONSOLE(0)] "Error with Permissions-Policy header: Unrecognized feature: 'private-state-token-redemption'.", source:  (0)
[0313/233106.377:INFO:CONSOLE(0)] "Error with Permissions-Policy header: Unrecognized feature: 'unload'.", source:  (0)
[0313/233106.377:INFO:CONSOLE(0)] "Error with Permissions-Policy header: Unrecognized feature: 'window-management'.", source:  (0)
[0313/233106.886:ERROR:service_worker_storage.cc(1933)] Failed to delete the database: Database IO error
[0313/233135.242:ERROR:tcp_socket_win.cc(346)] bind() returned an error: Only one usage of each socket address (protocol/network address/port) is normally permitted. (0x2740)
[0313/233135.244:ERROR:tcp_socket_win.cc(346)] bind() returned an error: Only one usage of each socket address (protocol/network address/port) is normally permitted. (0x2740)
[0313/233135.244:ERROR:devtools_http_handler.cc(299)] Cannot start http server for devtools.
[0313/233135.256:ERROR:cache_util_win.cc(20)] Unable to move the cache: Access is denied. (0x5)
[0313/233135.257:ERROR:cache_util_win.cc(20)] Unable to move the cache: Access is denied. (0x5)
[0313/233135.257:ERROR:disk_cache.cc(205)] Unable to create cache
[0313/233135.257:ERROR:gpu_disk_cache.cc(673)] Gpu Cache Creation failed: -2
[0313/233135.257:ERROR:disk_cache.cc(205)] Unable to create cache
[0313/233135.257:ERROR:gpu_disk_cache.cc(673)] Gpu Cache Creation failed: -2
[0313/233136.133:ERROR:tcp_socket_win.cc(346)] bind() returned an error: Only one usage of each socket address (protocol/network address/port) is normally permitted. (0x2740)
[0313/233136.134:ERROR:tcp_socket_win.cc(346)] bind() returned an error: Only one usage of each socket address (protocol/network address/port) is normally permitted. (0x2740)
[0313/233136.134:ERROR:devtools_http_handler.cc(299)] Cannot start http server for devtools.
[0313/233136.145:ERROR:cache_util_win.cc(20)] Unable to move the cache: Access is denied. (0x5)
[0313/233136.145:ERROR:cache_util_win.cc(20)] Unable to move the cache: Access is denied. (0x5)
[0313/233136.146:ERROR:disk_cache.cc(205)] Unable to create cache
[0313/233136.146:ERROR:gpu_disk_cache.cc(673)] Gpu Cache Creation failed: -2
[0313/233136.146:ERROR:disk_cache.cc(205)] Unable to create cache
[0313/233136.146:ERROR:gpu_disk_cache.cc(673)] Gpu Cache Creation failed: -2
[0313/233138.274:ERROR:service_worker_storage.cc(1933)] Failed to delete the database: Database IO error
[0313/233139.180:ERROR:service_worker_storage.cc(1933)] Failed to delete the database: Database IO error
